Performing C SOURCE FILE Test CMAKE_HAVE_LIBC_PTHREAD failed with the following output:
Change Dir: /media/sf_csc4140/119010009_HW_6/hw6_pathtracer/hw6_pathtracer/CMakeFiles/CMakeTmp

Run Build Command(s):/usr/bin/make cmTC_684df/fast && make: Warning: File 'Makefile' has modification time 0.98 s in the future
/usr/bin/make -f CMakeFiles/cmTC_684df.dir/build.make CMakeFiles/cmTC_684df.dir/build
make[1]: Entering directory '/media/sf_csc4140/119010009_HW_6/hw6_pathtracer/hw6_pathtracer/CMakeFiles/CMakeTmp'
make[1]: Warning: File 'CMakeFiles/cmTC_684df.dir/flags.make' has modification time 0.96 s in the future
Building C object CMakeFiles/cmTC_684df.dir/src.c.o
/usr/bin/cc   -fPIC -DCMAKE_HAVE_LIBC_PTHREAD -mavx2   -o CMakeFiles/cmTC_684df.dir/src.c.o   -c /media/sf_csc4140/119010009_HW_6/hw6_pathtracer/hw6_pathtracer/CMakeFiles/CMakeTmp/src.c
Linking C executable cmTC_684df
/usr/bin/cmake -E cmake_link_script CMakeFiles/cmTC_684df.dir/link.txt --verbose=1
/usr/bin/cc  -fPIC -DCMAKE_HAVE_LIBC_PTHREAD -mavx2    -rdynamic CMakeFiles/cmTC_684df.dir/src.c.o  -o cmTC_684df 
/usr/bin/ld: CMakeFiles/cmTC_684df.dir/src.c.o: in function `main':
src.c:(.text+0x46): undefined reference to `pthread_create'
/usr/bin/ld: src.c:(.text+0x52): undefined reference to `pthread_detach'
/usr/bin/ld: src.c:(.text+0x63): undefined reference to `pthread_join'
collect2: error: ld returned 1 exit status
make[1]: *** [CMakeFiles/cmTC_684df.dir/build.make:87: cmTC_684df] Error 1
make[1]: Leaving directory '/media/sf_csc4140/119010009_HW_6/hw6_pathtracer/hw6_pathtracer/CMakeFiles/CMakeTmp'
make: *** [Makefile:121: cmTC_684df/fast] Error 2


Source file was:
#include <pthread.h>

void* test_func(void* data)
{
  return data;
}

int main(void)
{
  pthread_t thread;
  pthread_create(&thread, NULL, test_func, NULL);
  pthread_detach(thread);
  pthread_join(thread, NULL);
  pthread_atfork(NULL, NULL, NULL);
  pthread_exit(NULL);

  return 0;
}

Determining if the function pthread_create exists in the pthreads failed with the following output:
Change Dir: /media/sf_csc4140/119010009_HW_6/hw6_pathtracer/hw6_pathtracer/CMakeFiles/CMakeTmp

Run Build Command(s):/usr/bin/make cmTC_8a014/fast && make: Warning: File 'Makefile' has modification time 0.97 s in the future
/usr/bin/make -f CMakeFiles/cmTC_8a014.dir/build.make CMakeFiles/cmTC_8a014.dir/build
make[1]: Entering directory '/media/sf_csc4140/119010009_HW_6/hw6_pathtracer/hw6_pathtracer/CMakeFiles/CMakeTmp'
make[1]: Warning: File 'CMakeFiles/cmTC_8a014.dir/flags.make' has modification time 0.96 s in the future
Building C object CMakeFiles/cmTC_8a014.dir/CheckFunctionExists.c.o
/usr/bin/cc   -fPIC -DCHECK_FUNCTION_EXISTS=pthread_create -mavx2   -o CMakeFiles/cmTC_8a014.dir/CheckFunctionExists.c.o   -c /usr/share/cmake-3.16/Modules/CheckFunctionExists.c
Linking C executable cmTC_8a014
/usr/bin/cmake -E cmake_link_script CMakeFiles/cmTC_8a014.dir/link.txt --verbose=1
/usr/bin/cc  -fPIC -DCHECK_FUNCTION_EXISTS=pthread_create -mavx2    -rdynamic CMakeFiles/cmTC_8a014.dir/CheckFunctionExists.c.o  -o cmTC_8a014  -lpthreads 
/usr/bin/ld: cannot find -lpthreads
collect2: error: ld returned 1 exit status
make[1]: *** [CMakeFiles/cmTC_8a014.dir/build.make:87: cmTC_8a014] Error 1
make[1]: Leaving directory '/media/sf_csc4140/119010009_HW_6/hw6_pathtracer/hw6_pathtracer/CMakeFiles/CMakeTmp'
make: *** [Makefile:121: cmTC_8a014/fast] Error 2



